 LEVM : COMPLEX NONLINEAR LEAST SQUARES IMMITTANCE DATA FITTING PROGRAM

               VERSION 6.1 - 4/03/94


                                                                                 

 DATA ENTERED IN ZR FORMAT TO BE USED IN ZR FIT;      CIRCUIT MODEL : z

            *********  FIT OF COMPLEX DATA  *********
- # OF DATA POINTS = 27     WEIGHT: IRCH = -3     # OF FREE PARAMETERS =10
- PRINTS EVERY  9 ITERATIONS     MAX # ITERATIONS=100     MAIN WT USES: FUNC

      MODULUS WEIGHTING: RESULTS RAISED TO THE POWER 1.00000D+00

 INITIAL PARAMETER GUESSES AND FIXED (0) OR FREE (1 OR 2)STATUS
     P( 1) =    3.348000D+01    1        P(17) =    0.000000D+00    0
     P( 2) =    3.044000D+01    1        P(18) =    0.000000D+00    0
     P( 3) =    6.327800D-07    1        P(19) =    0.000000D+00    0
     P( 4) =    8.900000D+00    1        P(20) =    0.000000D+00    0
     P( 5) =    7.059800D-06    1        P(21) =    0.000000D+00    0
     P( 6) =    5.215000D+00    1        P(22) =    0.000000D+00    0
     P( 7) =    7.251200D-07    1        P(23) =    0.000000D+00    0
     P( 8) =    1.129000D+02    1        P(24) =    0.000000D+00    0
     P( 9) =    3.541000D+00    1        P(25) =    0.000000D+00    0
     P(10) =    3.232300D-01    1        P(26) =    0.000000D+00    0
     P(11) =    0.000000D+00    0        P(27) =    0.000000D+00    0
     P(12) =    0.000000D+00    0        P(28) =    0.000000D+00    0
     P(13) =    0.000000D+00    0        P(29) =    0.000000D+00    0
     P(14) =    0.000000D+00    0        P(30) =    0.000000D+00    0
     P(15) =    0.000000D+00    0        P(31) =    0.000000D+00    0
     P(16) =    0.000000D+00    0        P(32) =    1.000000D+00    0

               THE FOLLOWING PARAMETERS ARE ALWAYS FIXED
     P(33) =    0.000000D+00             P(37) =    0.000000D+00
     P(34) =    0.000000D+00             P(38) =    0.000000D+00
     P(35) =    0.000000D+00             P(39) =    0.000000D+00
     P(36) =    0.000000D+00             P(40) =    0.000000D+00

-NO TRANSFORMATION MADE: DATA IN ZR FORMAT
- PARAMETER ESTIMATES
     3.3475D+01   3.0436D+01   6.3278D-07   8.9000D+00   7.0597D-06   5.2147D+00
   7.2512D-07   1.1289D+02   3.5398D+00   3.2323D-01
- L2 NORM          1.035950158D+00

     TERMINATION. XTOL IS TOO SMALL. NO FURTHER IMPROVEMENTIN THE FREE PARAMETERS IS POSSIBLE.

                FINAL L2 NORM OF THE RESIDUALS    0.1035950D+01
                NUMBER OF FUNCTION EVALUATIONS          35
                NUMBER OF JACOBIAN EVALUATIONS          15

          WEIGHTED SUM OF SQUARES, S:      2.0108717728103D-03
          SIGMAF SQUARED ESTIMATE, XS:     4.5701631200235D-05
          SIGMAF ESTIMATE:                 6.7602981591225D-03
          FIT QUALITY FACTOR:                  -3.153D+02
          NO. DEGREES OF FREEDOM:                   44


   ORIGINAL PARAMETER NUMBERS
   PARAMETER ESTIMATES
   ESTIMATED ERROR
   ESTIMATED ERROR (%)


    1  3.3475D+01  1.0181D-01  3.0414D-01
    2  3.0436D+01  1.0518D+00  3.4558D+00
    3  6.3278D-07  1.4136D-08  2.2339D+00
    4  8.9000D+00  1.1928D+00  1.3402D+01
    5  7.0597D-06  1.6001D-06  2.2666D+01
    6  5.2147D+00  3.9853D-01  7.6423D+00
    7  7.2512D-07  2.8473D-08  3.9267D+00
    8  1.1289D+02  1.4890D+03  1.3189D+03
    9  3.5400D+00  1.4467D+02  4.0869D+03
   10  3.2323D-01  1.0990D-02  3.4001D+00
      AVG ERROR (%)=    5.4629D+02      RMS ERROR (%)=    1.3581D+03

   ESTIMATED PARAMETER CORRELATION MATRIX
    0.1000D+01
    0.3859D+00  0.1000D+01
   -0.1117D+00 -0.2098D+00  0.1000D+01
   -0.2393D+00 -0.9212D+00 -0.1486D+00  0.1000D+01
    0.3445D+00  0.9608D+00  0.3584D-01 -0.9822D+00  0.1000D+01
    0.3299D+00  0.5140D+00  0.6741D+00 -0.7294D+00  0.6977D+00  0.1000D+01
   -0.3279D+00 -0.6076D+00 -0.4058D-01  0.5433D+00 -0.5896D+00 -0.5641D+00
    0.1000D+01
   -0.4265D+00 -0.1695D+00  0.1530D+00  0.5311D-01 -0.1123D+00 -0.9255D-01
    0.2825D+00  0.1000D+01
   -0.4285D+00 -0.1703D+00  0.1537D+00  0.5344D-01 -0.1129D+00 -0.9302D-01
    0.2838D+00  0.1000D+01  0.1000D+01
    0.8544D+00  0.4054D+00 -0.3204D+00 -0.1627D+00  0.2947D+00  0.2155D+00
   -0.5799D+00 -0.4990D+00 -0.5015D+00  0.1000D+01

       AV WR      SD WR       SD WI       SD WC       AV FR     # IT
     1.313D-03   8.273D-03   7.061D-03   6.760D-03  -1.313D-03    0

       AV RR      SD RR       SD RI       SD RC        SSE    # OPIT
     3.325D-03   2.952D-03   2.982D-02   1.862D-02   2.999D-01    0

     **************   END  MAIN  FIT   ***************

