 LEVM : COMPLEX NONLINEAR LEAST SQUARES IMMITTANCE DATA FITTING PROGRAM

               VERSION 6.1 - 4/03/94


                                                                                 

 DATA ENTERED IN ZR FORMAT TO BE USED IN ZR FIT;      CIRCUIT MODEL : z

            *********  FIT OF COMPLEX DATA  *********
- # OF DATA POINTS = 28     WEIGHT: IRCH = -3     # OF FREE PARAMETERS =10
- PRINTS EVERY  9 ITERATIONS     MAX # ITERATIONS=100     MAIN WT USES: FUNC

      MODULUS WEIGHTING: RESULTS RAISED TO THE POWER 1.00000D+00

 INITIAL PARAMETER GUESSES AND FIXED (0) OR FREE (1 OR 2)STATUS
     P( 1) =    9.608000D+00    1        P(17) =    0.000000D+00    0
     P( 2) =    3.616000D+01    1        P(18) =    0.000000D+00    0
     P( 3) =    8.311600D-07    1        P(19) =    0.000000D+00    0
     P( 4) =    2.744000D+01    1        P(20) =    0.000000D+00    0
     P( 5) =    4.596800D-06    1        P(21) =    0.000000D+00    0
     P( 6) =    4.076000D+00    1        P(22) =    0.000000D+00    0
     P( 7) =    8.270900D-07    1        P(23) =    0.000000D+00    0
     P( 8) =    1.069300D+04    1        P(24) =    0.000000D+00    0
     P( 9) =    3.073000D+03    1        P(25) =    0.000000D+00    0
     P(10) =    5.080300D-01    1        P(26) =    0.000000D+00    0
     P(11) =    0.000000D+00    0        P(27) =    0.000000D+00    0
     P(12) =    0.000000D+00    0        P(28) =    0.000000D+00    0
     P(13) =    0.000000D+00    0        P(29) =    0.000000D+00    0
     P(14) =    0.000000D+00    0        P(30) =    0.000000D+00    0
     P(15) =    0.000000D+00    0        P(31) =    0.000000D+00    0
     P(16) =    0.000000D+00    0        P(32) =    1.000000D+00    0

               THE FOLLOWING PARAMETERS ARE ALWAYS FIXED
     P(33) =    0.000000D+00             P(37) =    0.000000D+00
     P(34) =    0.000000D+00             P(38) =    0.000000D+00
     P(35) =    0.000000D+00             P(39) =    0.000000D+00
     P(36) =    0.000000D+00             P(40) =    0.000000D+00

-NO TRANSFORMATION MADE: DATA IN ZR FORMAT
- PARAMETER ESTIMATES
     1.2791D+01   1.2585D+01   2.2416D-06   1.5245D+01   1.0431D-05   9.3124D+00
   7.4948D-07   1.9921D+04   6.1450D+02   7.1001D-01
- L2 NORM          2.478817513D+00
- PARAMETER ESTIMATES
     1.2815D+01   1.3440D+01   2.8146D-06   1.3160D+01   1.4536D-05   1.0859D+01
   7.1238D-07   3.4582D+04   8.7312D+02   7.3991D-01
- L2 NORM          2.375641182D+00
- PARAMETER ESTIMATES
     1.2815D+01   1.3472D+01   2.8319D-06   1.3090D+01   1.4703D-05   1.0906D+01
   7.1133D-07   3.4650D+04   8.6655D+02   7.4080D-01
- L2 NORM          2.375531965D+00
- PARAMETER ESTIMATES
     1.2815D+01   1.3473D+01   2.8322D-06   1.3089D+01   1.4706D-05   1.0907D+01
   7.1131D-07   3.4899D+04   8.7484D+02   7.4082D-01
- L2 NORM          2.375531954D+00

     ALGORITHM TERMINATES HAVING ESTIMATED THAT THE RELATIVE ERROR
     IN THE SUM OF SQUARES IS AT MOST FTOL

                FINAL L2 NORM OF THE RESIDUALS    0.2375532D+01
                NUMBER OF FUNCTION EVALUATIONS          67
                NUMBER OF JACOBIAN EVALUATIONS          43

          WEIGHTED SUM OF SQUARES, S:      3.2095072810491D-02
          SIGMAF SQUARED ESTIMATE, XS:     6.9771897414110D-04
          SIGMAF ESTIMATE:                 2.6414370598996D-02
          FIT QUALITY FACTOR:                  -1.726D+02
          NO. DEGREES OF FREEDOM:                   46


   ORIGINAL PARAMETER NUMBERS
   PARAMETER ESTIMATES
   ESTIMATED ERROR
   ESTIMATED ERROR (%)


    1  1.2815D+01  6.6719D-02  5.2062D-01
    2  1.3473D+01  9.9950D-01  7.4186D+00
    3  2.8322D-06  3.5432D-07  1.2510D+01
    4  1.3089D+01  1.1938D+00  9.1208D+00
    5  1.4706D-05  2.7237D-06  1.8521D+01
    6  1.0907D+01  8.6002D-01  7.8854D+00
    7  7.1131D-07  2.3292D-08  3.2744D+00
    8  3.4957D+04  1.5490D+10  4.4313D+07
    9  8.7678D+02  5.2446D+08  5.9816D+07
   10  7.4082D-01  4.0907D-02  5.5218D+00
      AVG ERROR (%)=    1.0413D+07      RMS ERROR (%)=    2.3541D+07

  ****  NOTE LARGE VALUE OF ONE OR MORE RELATIVE SARD DEVIATIONS ****
         INDICATION OF A WRONG OR POOR INITIAL CHOICE OF A FREE PARAMETER.
         CHECK FOR INCOMPLETE CONVERGENCE AND/OR SINGULAR MATRIX MESSAGES.



   ESTIMATED PARAMETER CORRELATION MATRIX
    0.1000D+01
   -0.9754D-01  0.1000D+01
    0.2475D+00 -0.1971D+00  0.1000D+01
   -0.1082D+00 -0.6820D+00 -0.5228D+00  0.1000D+01
    0.9969D-01  0.7563D+00  0.4437D+00 -0.9427D+00  0.1000D+01
    0.2107D+00 -0.6955D-01  0.9707D+00 -0.6215D+00  0.5729D+00  0.1000D+01
    0.1986D+00 -0.1714D+00 -0.6936D+00  0.5917D+00 -0.5579D+00 -0.7176D+00
    0.1000D+01
    0.3271D-01 -0.2258D+00  0.1572D+00  0.1379D+00 -0.1189D+00  0.1180D+00
   -0.8476D-01  0.1000D+01
    0.3271D-01 -0.2258D+00  0.1572D+00  0.1379D+00 -0.1189D+00  0.1180D+00
   -0.8476D-01  0.1000D+01  0.1000D+01
    0.4956D-01  0.2370D+00  0.6304D-01 -0.3153D-01  0.2509D+00  0.1328D+00
   -0.1515D+00  0.1339D+00  0.1339D+00  0.1000D+01

       AV WR      SD WR       SD WI       SD WC       AV FR     # IT
    -4.321D-03   2.540D-02   3.373D-02   2.641D-02   4.321D-03    0

       AV RR      SD RR       SD RI       SD RC        SSE    # OPIT
    -4.293D-02   1.101D-02   5.247D-01   3.283D-01   3.887D-01    0

     **************   END  MAIN  FIT   ***************

