 LEVM : COMPLEX NONLINEAR LEAST SQUARES IMMITTANCE DATA FITTING PROGRAM

               VERSION 6.1 - 4/03/94


                                                                                 

 DATA ENTERED IN ZR FORMAT TO BE USED IN ZR FIT;      CIRCUIT MODEL : z

            *********  FIT OF COMPLEX DATA  *********
- # OF DATA POINTS = 28     WEIGHT: IRCH = -3     # OF FREE PARAMETERS =10
- PRINTS EVERY  9 ITERATIONS     MAX # ITERATIONS=100     MAIN WT USES: FUNC

      MODULUS WEIGHTING: RESULTS RAISED TO THE POWER 1.00000D+00

 INITIAL PARAMETER GUESSES AND FIXED (0) OR FREE (1 OR 2)STATUS
     P( 1) =    1.341000D+01    1        P(17) =    0.000000D+00    0
     P( 2) =    1.612000D+01    1        P(18) =    0.000000D+00    0
     P( 3) =    1.785500D-06    1        P(19) =    0.000000D+00    0
     P( 4) =    9.602000D+00    1        P(20) =    0.000000D+00    0
     P( 5) =    1.605800D-05    1        P(21) =    0.000000D+00    0
     P( 6) =    8.252000D+00    1        P(22) =    0.000000D+00    0
     P( 7) =    5.528100D-07    1        P(23) =    0.000000D+00    0
     P( 8) =    8.605000D+04    1        P(24) =    0.000000D+00    0
     P( 9) =    2.355000D+03    1        P(25) =    0.000000D+00    0
     P(10) =    7.255900D-01    1        P(26) =    0.000000D+00    0
     P(11) =    0.000000D+00    0        P(27) =    0.000000D+00    0
     P(12) =    0.000000D+00    0        P(28) =    0.000000D+00    0
     P(13) =    0.000000D+00    0        P(29) =    0.000000D+00    0
     P(14) =    0.000000D+00    0        P(30) =    0.000000D+00    0
     P(15) =    0.000000D+00    0        P(31) =    0.000000D+00    0
     P(16) =    0.000000D+00    0        P(32) =    1.000000D+00    0

               THE FOLLOWING PARAMETERS ARE ALWAYS FIXED
     P(33) =    0.000000D+00             P(37) =    0.000000D+00
     P(34) =    0.000000D+00             P(38) =    0.000000D+00
     P(35) =    0.000000D+00             P(39) =    0.000000D+00
     P(36) =    0.000000D+00             P(40) =    0.000000D+00

-NO TRANSFORMATION MADE: DATA IN ZR FORMAT
- PARAMETER ESTIMATES
     9.6939D+00   3.8196D+01   8.1954D-07   2.6801D+01   5.2557D-06   4.3883D+00
   8.1092D-07   2.6745D+04   2.9755D+03   5.8833D-01
- L2 NORM          2.726542057D+00
- PARAMETER ESTIMATES
     9.6088D+00   3.6208D+01   8.3111D-07   2.7396D+01   4.6120D-06   4.0828D+00
   8.2690D-07   1.0970D+04   3.2033D+03   5.0830D-01
- L2 NORM          2.537336288D+00
- PARAMETER ESTIMATES
     9.6081D+00   3.6164D+01   8.3116D-07   2.7438D+01   4.5968D-06   4.0762D+00
   8.2709D-07   1.0693D+04   3.0723D+03   5.0803D-01
- L2 NORM          2.537201587D+00

     ALGORITHM TERMINATES HAVING ESTIMATED THAT THE RELATIVE ERROR
     IN THE SUM OF SQUARES IS AT MOST FTOL

                FINAL L2 NORM OF THE RESIDUALS    0.2537202D+01
                NUMBER OF FUNCTION EVALUATIONS          54
                NUMBER OF JACOBIAN EVALUATIONS          33

          WEIGHTED SUM OF SQUARES, S:      1.6604052779061D-02
          SIGMAF SQUARED ESTIMATE, XS:     3.6095766911001D-04
          SIGMAF ESTIMATE:                 1.8998885996553D-02
          FIT QUALITY FACTOR:                  -2.095D+02
          NO. DEGREES OF FREEDOM:                   46


   ORIGINAL PARAMETER NUMBERS
   PARAMETER ESTIMATES
   ESTIMATED ERROR
   ESTIMATED ERROR (%)


    1  9.6081D+00  6.0653D-02  6.3127D-01
    2  3.6164D+01  1.6236D+00  4.4897D+00
    3  8.3116D-07  1.8183D-08  2.1876D+00
    4  2.7438D+01  1.5985D+00  5.8257D+00
    5  4.5968D-06  5.3780D-07  1.1700D+01
    6  4.0762D+00  2.8140D-01  6.9035D+00
    7  8.2709D-07  3.8827D-08  4.6944D+00
    8  1.0693D+04  2.8359D+09  2.6521D+07
    9  3.0727D+03  1.6041D+09  5.2203D+07
   10  5.0803D-01  2.9592D-02  5.8248D+00
      AVG ERROR (%)=    7.8724D+06      RMS ERROR (%)=    1.8516D+07

  ****  NOTE LARGE VALUE OF ONE OR MORE RELATIVE SARD DEVIATIONS ****
         INDICATION OF A WRONG OR POOR INITIAL CHOICE OF A FREE PARAMETER.
         CHECK FOR INCOMPLETE CONVERGENCE AND/OR SINGULAR MATRIX MESSAGES.



   ESTIMATED PARAMETER CORRELATION MATRIX
    0.1000D+01
    0.2175D+00  0.1000D+01
   -0.3314D-01 -0.4256D+00  0.1000D+01
   -0.9368D-01 -0.9025D+00  0.1665D+00  0.1000D+01
    0.2023D+00  0.9771D+00 -0.3476D+00 -0.9301D+00  0.1000D+01
    0.2504D+00  0.5001D+00  0.4270D+00 -0.5380D+00  0.5571D+00  0.1000D+01
    0.2544D+00 -0.3369D+00  0.1586D+00  0.1522D+00 -0.2806D+00 -0.3160D+00
    0.1000D+01
   -0.2928D-01  0.9982D-01  0.6827D-01 -0.3743D-01  0.9881D-01  0.2219D+00
   -0.3645D+00  0.1000D+01
   -0.2928D-01  0.9982D-01  0.6827D-01 -0.3743D-01  0.9881D-01  0.2219D+00
   -0.3645D+00  0.1000D+01  0.1000D+01
    0.4507D+00  0.3517D+00 -0.3530D+00  0.1552D-01  0.2564D+00  0.3044D+00
   -0.5076D+00  0.2278D+00  0.2278D+00  0.1000D+01

       AV WR      SD WR       SD WI       SD WC       AV FR     # IT
    -1.866D-03   2.359D-02   1.913D-02   1.900D-02   1.866D-03    0

       AV RR      SD RR       SD RI       SD RC        SSE    # OPIT
    -3.716D-03   1.231D-02   5.721D-02   3.661D-02   2.676D-01    0

     **************   END  MAIN  FIT   ***************

