 LEVM : COMPLEX NONLINEAR LEAST SQUARES IMMITTANCE DATA FITTING PROGRAM

               VERSION 6.1 - 4/03/94


                                                                                 

 DATA ENTERED IN ZR FORMAT TO BE USED IN ZR FIT;      CIRCUIT MODEL : z

            *********  FIT OF COMPLEX DATA  *********
- # OF DATA POINTS = 28     WEIGHT: IRCH = -3     # OF FREE PARAMETERS =10
- PRINTS EVERY  9 ITERATIONS     MAX # ITERATIONS=100     MAIN WT USES: FUNC

      MODULUS WEIGHTING: RESULTS RAISED TO THE POWER 1.00000D+00

 INITIAL PARAMETER GUESSES AND FIXED (0) OR FREE (1 OR 2)STATUS
     P( 1) =    3.348000D+01    1        P(17) =    0.000000D+00    0
     P( 2) =    3.044000D+01    1        P(18) =    0.000000D+00    0
     P( 3) =    6.327800D-07    1        P(19) =    0.000000D+00    0
     P( 4) =    8.900000D+00    1        P(20) =    0.000000D+00    0
     P( 5) =    7.059700D-06    1        P(21) =    0.000000D+00    0
     P( 6) =    5.215000D+00    1        P(22) =    0.000000D+00    0
     P( 7) =    7.251200D-07    1        P(23) =    0.000000D+00    0
     P( 8) =    1.129000D+02    1        P(24) =    0.000000D+00    0
     P( 9) =    3.540000D+00    1        P(25) =    0.000000D+00    0
     P(10) =    3.232300D-01    1        P(26) =    0.000000D+00    0
     P(11) =    0.000000D+00    0        P(27) =    0.000000D+00    0
     P(12) =    0.000000D+00    0        P(28) =    0.000000D+00    0
     P(13) =    0.000000D+00    0        P(29) =    0.000000D+00    0
     P(14) =    0.000000D+00    0        P(30) =    0.000000D+00    0
     P(15) =    0.000000D+00    0        P(31) =    0.000000D+00    0
     P(16) =    0.000000D+00    0        P(32) =    1.000000D+00    0

               THE FOLLOWING PARAMETERS ARE ALWAYS FIXED
     P(33) =    0.000000D+00             P(37) =    0.000000D+00
     P(34) =    0.000000D+00             P(38) =    0.000000D+00
     P(35) =    0.000000D+00             P(39) =    0.000000D+00
     P(36) =    0.000000D+00             P(40) =    0.000000D+00

-NO TRANSFORMATION MADE: DATA IN ZR FORMAT
- PARAMETER ESTIMATES
     1.3399D+01   1.5505D+01   1.7417D-06   1.0173D+01   1.3474D-05   7.9728D+00
   5.5771D-07   6.6603D+04   2.6463D+03   6.9683D-01
- L2 NORM          2.016875395D+00
- PARAMETER ESTIMATES
     1.3410D+01   1.6114D+01   1.7847D-06   9.6102D+00   1.6024D-05   8.2479D+00
   5.5286D-07   8.5012D+04   2.3200D+03   7.2549D-01
- L2 NORM          1.987308849D+00
- PARAMETER ESTIMATES
     1.3410D+01   1.6120D+01   1.7855D-06   9.6017D+00   1.6057D-05   8.2516D+00
   5.5281D-07   8.5480D+04   2.3338D+03   7.2559D-01
- L2 NORM          1.987307422D+00
- PARAMETER ESTIMATES
     1.3410D+01   1.6120D+01   1.7855D-06   9.6016D+00   1.6058D-05   8.2517D+00
   5.5281D-07   8.6049D+04   2.3552D+03   7.2559D-01
- L2 NORM          1.987307422D+00

     ALGORITHM TERMINATES HAVING ESTIMATED THAT THE RELATIVE ERROR
     IN THE SUM OF SQUARES IS AT MOST FTOL

                FINAL L2 NORM OF THE RESIDUALS    0.1987307D+01
                NUMBER OF FUNCTION EVALUATIONS          62
                NUMBER OF JACOBIAN EVALUATIONS          39

          WEIGHTED SUM OF SQUARES, S:      2.1024213869949D-02
          SIGMAF SQUARED ESTIMATE, XS:     4.5704812760759D-04
          SIGMAF ESTIMATE:                 2.1378683954060D-02
          FIT QUALITY FACTOR:                  -1.963D+02
          NO. DEGREES OF FREEDOM:                   46


   ORIGINAL PARAMETER NUMBERS
   PARAMETER ESTIMATES
   ESTIMATED ERROR
   ESTIMATED ERROR (%)


    1  1.3410D+01  6.5796D-02  4.9064D-01
    2  1.6120D+01  7.0596D-01  4.3793D+00
    3  1.7855D-06  1.0454D-07  5.8550D+00
    4  9.6016D+00  8.1083D-01  8.4447D+00
    5  1.6058D-05  2.8118D-06  1.7510D+01
    6  8.2517D+00  4.3464D-01  5.2673D+00
    7  5.5281D-07  1.4230D-08  2.5740D+00
    8  8.6050D+04  3.0780D+10  3.5770D+07
    9  2.3552D+03  1.1611D+09  4.9298D+07
   10  7.2559D-01  2.2106D-02  3.0466D+00
      AVG ERROR (%)=    8.5068D+06      RMS ERROR (%)=    1.9261D+07

  ****  NOTE LARGE VALUE OF ONE OR MORE RELATIVE SARD DEVIATIONS ****
         INDICATION OF A WRONG OR POOR INITIAL CHOICE OF A FREE PARAMETER.
         CHECK FOR INCOMPLETE CONVERGENCE AND/OR SINGULAR MATRIX MESSAGES.



   ESTIMATED PARAMETER CORRELATION MATRIX
    0.1000D+01
   -0.1642D-01  0.1000D+01
    0.2376D+00 -0.8024D-01  0.1000D+01
   -0.1408D+00 -0.7995D+00 -0.4411D+00  0.1000D+01
    0.1222D+00  0.8614D+00  0.3624D+00 -0.9287D+00  0.1000D+01
    0.1564D+00  0.7431D-01  0.9466D+00 -0.5598D+00  0.5229D+00  0.1000D+01
    0.5157D+00 -0.2462D+00 -0.2626D+00  0.3089D+00 -0.2997D+00 -0.3227D+00
    0.1000D+01
   -0.1472D+00 -0.2098D+00  0.1269D+00  0.1768D+00 -0.1197D+00  0.1197D+00
   -0.2069D-01  0.1000D+01
   -0.1472D+00 -0.2098D+00  0.1269D+00  0.1768D+00 -0.1197D+00  0.1197D+00
   -0.2069D-01  0.1000D+01  0.1000D+01
    0.5114D-01  0.2842D+00  0.6037D-02 -0.2465D-01  0.2594D+00  0.9933D-01
   -0.8698D-01 -0.7348D-01 -0.7348D-01  0.1000D+01

       AV WR      SD WR       SD WI       SD WC       AV FR     # IT
    -1.705D-03   2.448D-02   2.385D-02   2.138D-02   1.705D-03    0

       AV RR      SD RR       SD RI       SD RC        SSE    # OPIT
    -6.649D-03   1.072D-02   1.362D-01   8.548D-02   2.405D-01    0

     **************   END  MAIN  FIT   ***************

