 LEVM : COMPLEX NONLINEAR LEAST SQUARES IMMITTANCE DATA FITTING PROGRAM

               VERSION 6.1 - 4/03/94


                                                                                 

 DATA ENTERED IN ZR FORMAT TO BE USED IN ZR FIT;      CIRCUIT MODEL : z

            *********  FIT OF COMPLEX DATA  *********
- # OF DATA POINTS = 28     WEIGHT: IRCH = -3     # OF FREE PARAMETERS =10
- PRINTS EVERY  9 ITERATIONS     MAX # ITERATIONS=100     MAIN WT USES: FUNC

      MODULUS WEIGHTING: RESULTS RAISED TO THE POWER 1.00000D+00

 INITIAL PARAMETER GUESSES AND FIXED (0) OR FREE (1 OR 2)STATUS
     P( 1) =    3.348000D+01    1        P(17) =    0.000000D+00    0
     P( 2) =    3.044000D+01    1        P(18) =    0.000000D+00    0
     P( 3) =    6.327800D-07    1        P(19) =    0.000000D+00    0
     P( 4) =    8.900000D+00    1        P(20) =    0.000000D+00    0
     P( 5) =    7.059800D-06    1        P(21) =    0.000000D+00    0
     P( 6) =    5.215000D+00    1        P(22) =    0.000000D+00    0
     P( 7) =    7.251200D-07    1        P(23) =    0.000000D+00    0
     P( 8) =    1.129000D+02    1        P(24) =    0.000000D+00    0
     P( 9) =    3.541000D+00    1        P(25) =    0.000000D+00    0
     P(10) =    3.232300D-01    1        P(26) =    0.000000D+00    0
     P(11) =    0.000000D+00    0        P(27) =    0.000000D+00    0
     P(12) =    0.000000D+00    0        P(28) =    0.000000D+00    0
     P(13) =    0.000000D+00    0        P(29) =    0.000000D+00    0
     P(14) =    0.000000D+00    0        P(30) =    0.000000D+00    0
     P(15) =    0.000000D+00    0        P(31) =    0.000000D+00    0
     P(16) =    0.000000D+00    0        P(32) =    1.000000D+00    0

               THE FOLLOWING PARAMETERS ARE ALWAYS FIXED
     P(33) =    0.000000D+00             P(37) =    0.000000D+00
     P(34) =    0.000000D+00             P(38) =    0.000000D+00
     P(35) =    0.000000D+00             P(39) =    0.000000D+00
     P(36) =    0.000000D+00             P(40) =    0.000000D+00

-NO TRANSFORMATION MADE: DATA IN ZR FORMAT
- PARAMETER ESTIMATES
     1.3012D+01   1.2719D+01   3.8447D-06   2.5872D+01   1.2366D-05   1.1731D+01
   1.4460D-06   1.3741D+02   6.9152D-01   7.1324D-01
- L2 NORM          3.222568897D+00
- PARAMETER ESTIMATES
     1.3033D+01   1.1618D+01   7.0103D-06   2.3178D+01   1.5595D-05   1.5949D+01
   1.2309D-06   1.3096D+02   5.5108D-01   7.5266D-01
- L2 NORM          3.168379120D+00
- PARAMETER ESTIMATES
     1.3035D+01   1.1687D+01   7.1639D-06   2.2975D+01   1.5861D-05   1.6104D+01
   1.2257D-06   1.3130D+02   5.4875D-01   7.5470D-01
- L2 NORM          3.168232898D+00
- PARAMETER ESTIMATES
     1.3035D+01   1.1689D+01   7.1670D-06   2.2971D+01   1.5866D-05   1.6108D+01
   1.2256D-06   1.3123D+02   5.4828D-01   7.5474D-01
- L2 NORM          3.168232839D+00

     ALGORITHM TERMINATES HAVING ESTIMATED THAT THE RELATIVE ERROR
     IN THE SUM OF SQUARES IS AT MOST FTOL

                FINAL L2 NORM OF THE RESIDUALS    0.3168233D+01
                NUMBER OF FUNCTION EVALUATIONS          72
                NUMBER OF JACOBIAN EVALUATIONS          44

          WEIGHTED SUM OF SQUARES, S:      5.0246010064725D-02
          SIGMAF SQUARED ESTIMATE, XS:     1.0923045666245D-03
          SIGMAF ESTIMATE:                 3.3050031265106D-02
          FIT QUALITY FACTOR:                  -1.475D+02
          NO. DEGREES OF FREEDOM:                   46


   ORIGINAL PARAMETER NUMBERS
   PARAMETER ESTIMATES
   ESTIMATED ERROR
   ESTIMATED ERROR (%)


    1  1.3035D+01  7.2044D-02  5.5272D-01
    2  1.1689D+01  2.0175D+00  1.7260D+01
    3  7.1671D-06  1.9443D-06  2.7128D+01
    4  2.2971D+01  2.5381D+00  1.1049D+01
    5  1.5866D-05  3.4240D-06  2.1580D+01
    6  1.6108D+01  1.8020D+00  1.1187D+01
    7  1.2256D-06  6.1650D-08  5.0300D+00
    8  1.3122D+02  1.9268D+04  1.4684D+04
    9  5.4823D-01  1.0647D+02  1.9421D+04
   10  7.5474D-01  1.0470D-01  1.3873D+01
      AVG ERROR (%)=    3.4212D+03      RMS ERROR (%)=    7.6992D+03

   ESTIMATED PARAMETER CORRELATION MATRIX
    0.1000D+01
   -0.4750D-01  0.1000D+01
    0.2079D+00 -0.1268D+00  0.1000D+01
   -0.1034D+00 -0.6940D+00 -0.5752D+00  0.1000D+01
    0.1042D+00  0.7825D+00  0.4845D+00 -0.9526D+00  0.1000D+01
    0.1959D+00  0.5600D-01  0.9679D+00 -0.7001D+00  0.6480D+00  0.1000D+01
   -0.3890D-02 -0.2358D+00 -0.8541D+00  0.7429D+00 -0.7030D+00 -0.8915D+00
    0.1000D+01
    0.3476D-01  0.8117D-01 -0.6575D-02  0.1728D-01  0.4946D-01  0.2634D-01
   -0.4774D-01  0.1000D+01
    0.3463D-01  0.8055D-01 -0.6629D-02  0.1745D-01  0.4891D-01  0.2609D-01
   -0.4739D-01  0.1000D+01  0.1000D+01
    0.7801D-01  0.3367D+00  0.2645D-01 -0.8464D-01  0.2966D+00  0.1369D+00
   -0.1902D+00  0.5268D+00  0.5251D+00  0.1000D+01

       AV WR      SD WR       SD WI       SD WC       AV FR     # IT
    -6.360D-03   1.732D-02   4.992D-02   3.305D-02   6.360D-03    0

       AV RR      SD RR       SD RI       SD RC        SSE    # OPIT
    -2.810D-02   7.747D-03   9.515D-01   5.952D-01   6.178D-01    0

     **************   END  MAIN  FIT   ***************

