 LEVM : COMPLEX NONLINEAR LEAST SQUARES IMMITTANCE DATA FITTING PROGRAM

               VERSION 6.1 - 4/03/94


                                                                                 

 DATA ENTERED IN ZR FORMAT TO BE USED IN ZR FIT;      CIRCUIT MODEL : z

            *********  FIT OF COMPLEX DATA  *********
- # OF DATA POINTS = 28     WEIGHT: IRCH = -3     # OF FREE PARAMETERS =10
- PRINTS EVERY  9 ITERATIONS     MAX # ITERATIONS=100     MAIN WT USES: FUNC

      MODULUS WEIGHTING: RESULTS RAISED TO THE POWER 1.00000D+00

 INITIAL PARAMETER GUESSES AND FIXED (0) OR FREE (1 OR 2)STATUS
     P( 1) =    1.303000D+01    1        P(17) =    0.000000D+00    0
     P( 2) =    1.169000D+01    1        P(18) =    0.000000D+00    0
     P( 3) =    7.167100D-06    1        P(19) =    0.000000D+00    0
     P( 4) =    2.297000D+01    1        P(20) =    0.000000D+00    0
     P( 5) =    1.586600D-05    1        P(21) =    0.000000D+00    0
     P( 6) =    1.611000D+01    1        P(22) =    0.000000D+00    0
     P( 7) =    1.225600D-06    1        P(23) =    0.000000D+00    0
     P( 8) =    1.312000D+02    1        P(24) =    0.000000D+00    0
     P( 9) =    5.482300D-01    1        P(25) =    0.000000D+00    0
     P(10) =    7.547400D-01    1        P(26) =    0.000000D+00    0
     P(11) =    0.000000D+00    0        P(27) =    0.000000D+00    0
     P(12) =    0.000000D+00    0        P(28) =    0.000000D+00    0
     P(13) =    0.000000D+00    0        P(29) =    0.000000D+00    0
     P(14) =    0.000000D+00    0        P(30) =    0.000000D+00    0
     P(15) =    0.000000D+00    0        P(31) =    0.000000D+00    0
     P(16) =    0.000000D+00    0        P(32) =    1.000000D+00    0

               THE FOLLOWING PARAMETERS ARE ALWAYS FIXED
     P(33) =    0.000000D+00             P(37) =    0.000000D+00
     P(34) =    0.000000D+00             P(38) =    0.000000D+00
     P(35) =    0.000000D+00             P(39) =    0.000000D+00
     P(36) =    0.000000D+00             P(40) =    0.000000D+00

-NO TRANSFORMATION MADE: DATA IN ZR FORMAT
- PARAMETER ESTIMATES
     1.5209D+01   2.3545D+01   1.6177D-06   1.2898D+01   1.7413D-05   5.1995D+00
   1.3218D-06   2.2649D+02   1.3084D+00   5.9206D-01
- L2 NORM          2.616978558D+00
- PARAMETER ESTIMATES
     1.5097D+01   2.2938D+01   1.5533D-06   1.4307D+01   1.3971D-05   4.3446D+00
   1.2605D-06   2.0291D+02   1.1901D+00   5.8802D-01
- L2 NORM          2.221829981D+00
- PARAMETER ESTIMATES
     1.5096D+01   2.2911D+01   1.5508D-06   1.4342D+01   1.3883D-05   4.3243D+00
   1.2611D-06   1.9967D+02   1.1623D+00   5.8740D-01
- L2 NORM          2.221802813D+00
- PARAMETER ESTIMATES
     1.5096D+01   2.2910D+01   1.5507D-06   1.4343D+01   1.3881D-05   4.3237D+00
   1.2611D-06   1.9999D+02   1.1655D+00   5.8738D-01
- L2 NORM          2.221802788D+00
- PARAMETER ESTIMATES
     1.5096D+01   2.2910D+01   1.5507D-06   1.4343D+01   1.3881D-05   4.3237D+00
   1.2611D-06   1.9997D+02   1.1653D+00   5.8738D-01
- L2 NORM          2.221802788D+00

     ALGORITHM TERMINATES HAVING ESTIMATED THAT THE RELATIVE ERROR
     IN THE SUM OF SQUARES IS AT MOST FTOL

                FINAL L2 NORM OF THE RESIDUALS    0.2221803D+01
                NUMBER OF FUNCTION EVALUATIONS          65
                NUMBER OF JACOBIAN EVALUATIONS          47

          WEIGHTED SUM OF SQUARES, S:      2.1552903323038D-02
          SIGMAF SQUARED ESTIMATE, XS:     4.6854137658779D-04
          SIGMAF ESTIMATE:                 2.1645816607090D-02
          FIT QUALITY FACTOR:                  -1.949D+02
          NO. DEGREES OF FREEDOM:                   46


   ORIGINAL PARAMETER NUMBERS
   PARAMETER ESTIMATES
   ESTIMATED ERROR
   ESTIMATED ERROR (%)


    1  1.5096D+01  6.8893D-02  4.5637D-01
    2  2.2910D+01  7.6732D-01  3.3492D+00
    3  1.5507D-06  6.4226D-08  4.1416D+00
    4  1.4343D+01  8.5102D-01  5.9333D+00
    5  1.3881D-05  1.7683D-06  1.2740D+01
    6  4.3237D+00  4.2801D-01  9.8992D+00
    7  1.2611D-06  6.4910D-08  5.1470D+00
    8  1.9997D+02  6.8012D+05  3.4011D+05
    9  1.1653D+00  6.7476D+03  5.7902D+05
   10  5.8738D-01  3.0975D-02  5.2734D+00
      AVG ERROR (%)=    9.1918D+04      RMS ERROR (%)=    2.1235D+05

   ESTIMATED PARAMETER CORRELATION MATRIX
    0.1000D+01
    0.1616D-01  0.1000D+01
    0.2372D+00 -0.5832D-01  0.1000D+01
   -0.8599D-01 -0.7166D+00 -0.4521D+00  0.1000D+01
    0.1304D+00  0.8753D+00  0.3388D+00 -0.8688D+00  0.1000D+01
    0.1800D+00  0.1616D+00  0.9215D+00 -0.5478D+00  0.5427D+00  0.1000D+01
    0.4942D+00 -0.3019D+00 -0.1941D+00  0.2385D+00 -0.3018D+00 -0.3001D+00
    0.1000D+01
    0.2649D-01  0.7127D-02 -0.1466D-01  0.3633D-01 -0.1907D-01  0.3477D-02
   -0.2457D-01  0.1000D+01
    0.2649D-01  0.7116D-02 -0.1466D-01  0.3633D-01 -0.1907D-01  0.3473D-02
   -0.2456D-01  0.1000D+01  0.1000D+01
    0.1639D+00  0.3518D+00 -0.5145D-01  0.1448D+00  0.2309D+00  0.1553D+00
   -0.2277D+00  0.2192D+00  0.2192D+00  0.1000D+01

       AV WR      SD WR       SD WI       SD WC       AV FR     # IT
    -1.546D-03   2.627D-02   2.252D-02   2.165D-02   1.546D-03    0

       AV RR      SD RR       SD RI       SD RC        SSE    # OPIT
    -1.094D-02   1.150D-02   1.638D-01   1.027D-01   1.507D-01    0

     **************   END  MAIN  FIT   ***************

